20230514	23:12:20	ee8f077e-1c62-4589-b24a-26d8693ef141	GET	/users	undefined
20230514	23:20:05	b9938307-0fb6-4c55-809e-2049d50047ba	POST	/users	undefined
20230514	23:20:17	a694465f-29ac-419b-a49b-5042b88a43c9	GET	/users	undefined
20230514	23:20:39	dacb05ed-6bb0-4215-b2bd-2f11c5aff174	POST	/users	undefined
20230514	23:22:19	bdc85b26-8cac-4d04-9a0c-977ff0164e74	POST	/users	undefined
20230514	23:22:31	110d8dfb-2693-48cf-8281-fa2c767f4ec8	GET	/users	undefined
20230516	17:31:34	b3b05709-7d21-4c80-9d66-c1caa914487b	GET	/	undefined
20230516	17:31:35	eb9a2ae8-8203-43ae-8c42-a412fbf6070a	GET	/	undefined
20230516	17:34:31	431a56fa-efcb-4b88-9196-db60e5817ade	GET	/users	undefined
20230516	17:41:27	742d6001-3126-4748-b4bd-4f09363db506	GET	/users	undefined
20230517	02:46:08	f10298ea-394b-4bfa-b6ea-70950b442141	GET	/	undefined
20230517	02:46:09	9299bb86-0b69-49ad-891e-a8fbd5fbef83	GET	/	undefined
20230517	02:48:09	9ed52121-7701-41ec-b3fe-73e38e641cb5	GET	/	undefined
20230517	02:48:11	e7b01a26-3c1a-4e51-97e8-8d2bb7917914	GET	/	undefined
20230517	02:48:14	2aba83da-5070-4764-aef9-3d0e3f61a24f	GET	/	undefined
20230517	02:57:07	da302186-1563-4da9-b4a1-d4e544e78c05	GET	/users	undefined
20230517	03:38:16	3483ab99-1f43-4ea1-b050-be65883f3b41	GET	/	undefined
20230517	03:38:20	8de08b34-f4d3-49f7-95c6-96afc8aef60d	GET	/	undefined
20230517	20:39:42	259c73fb-cae3-44ee-adf2-486f00be768e	GET	/users	undefined
20230518	18:46:50	4a3bc7e1-574c-4da6-bf5c-285788ba0647	GET	/	undefined
20230518	18:47:03	c7a3ff24-29d8-4696-9e9f-8d8a2260015f	GET	/users	undefined
20230518	18:53:53	418ab041-5aaa-4a49-8899-632c1bc8ad57	GET	/	undefined
20230518	18:53:55	0d974bf6-b87b-4702-8c66-4692c94a0e99	GET	/	undefined
20230518	18:54:36	454dce7e-b1cb-4ed6-9365-d78b8b2ae42f	GET	/	undefined
20230519	01:21:15	2e887df2-3d27-4b9c-a870-7bcdf4e2f3fd	GET	/users	undefined
20230519	01:27:42	e48c3652-fad2-4e8a-9c44-f32b39d2f362	GET	/users	undefined
20230519	01:42:10	a0cf6a48-58b3-41fc-b1ee-230d622ceefd	POST	/users	undefined
20230519	01:42:43	cb972efe-f8e8-42bf-93de-0dc43290fdf7	POST	/users	undefined
20230519	01:43:38	f2f70694-1e9f-4dbc-bacc-0742f9c32c29	POST	/users	undefined
20230519	01:43:50	20dbff30-064c-4849-8f50-0048f147db11	GET	/users	undefined
20230519	01:44:01	5bd60b3c-6692-474f-ac96-38d4d3586df5	GET	/users	undefined
20230519	01:44:13	546dfb1f-a327-489f-a423-bea02bd82f07	GET	/users	undefined
20230519	01:44:15	d0c4b2c3-f68e-4ad8-8f0a-e077c72d0f45	GET	/users	undefined
20230519	01:44:58	c368baaa-c658-4ae9-acb6-ddd0eca6e56b	GET	/users	undefined
20230519	01:45:00	02c33b19-9e4c-4260-ac03-c2aff13253b3	GET	/users	undefined
20230519	01:45:53	1650e956-f3f2-4cc4-be70-14a8fc7a0c7d	GET	/users	undefined
20230519	01:47:01	5df62a5e-03ec-4859-8573-8b6879461918	GET	/users	undefined
20230519	01:47:35	4226ad8f-baea-4470-82d6-d0c1550a8f87	GET	/users	undefined
20230519	01:47:38	7557a9b4-ac07-4813-9878-091d3845e508	GET	/users	undefined
20230519	01:47:39	091911a2-0826-4bdb-b04d-3d25628b5c1a	GET	/users	undefined
20230519	01:47:47	d19b21f4-fc1c-42f4-b948-a6bff098a6e1	GET	/users	undefined
20230519	01:47:49	5e481851-c51a-480d-b796-b1068959df1d	GET	/users	undefined
20230519	01:49:14	fbd91c59-8a68-4d67-8a5b-f138d5f9e098	GET	/users	undefined
20230519	01:51:44	6895560a-6395-4b19-a113-2489fff4d2ce	GET	/users	undefined
20230519	01:59:10	3a1c0a00-5237-4446-98fe-2ef0537ac941	GET	/users	undefined
20230519	01:59:11	00e95ad0-c44d-4027-948b-1e1fa0bd6da7	GET	/users	undefined
20230519	01:59:12	ca4f6fb1-2a8c-43e0-8380-24641277be26	GET	/users	undefined
20230519	01:59:53	02084d8c-e855-4f20-8d82-7f4380920317	GET	/users	undefined
20230519	01:59:55	231a67cf-4095-4933-87be-949f603232cf	GET	/users	undefined
20230519	02:00:06	11f8182f-65bd-4f5e-b0a0-23ef4c23c5a6	GET	/users	undefined
20230519	02:04:20	aaf58f48-f364-4123-adb6-bfbf4c8c8608	GET	/users	undefined
20230519	02:04:24	5f0ec48d-e528-436d-80cd-636b3a5ccc90	GET	/users	undefined
20230519	02:04:24	125f5ab5-93ca-4467-9268-ddb504e9e3bd	GET	/users	undefined
20230519	02:06:48	59ef8859-7aa1-4e1c-a8f9-52d022a97e84	GET	/users	undefined
20230519	02:06:51	275fbcdc-5aec-40f5-a696-a6d8632b5271	GET	/users	undefined
20230520	20:16:58	ff678f47-ca6a-4d26-870c-12ab51f0aaf5	GET	/users	undefined
20230520	20:17:32	3f546b92-cbfb-4d46-9804-f1883cc3b302	GET	/	undefined
20230520	20:17:35	51896235-6ec1-4a48-ab89-81e172785637	GET	/	undefined
20230520	20:17:43	60d623cc-278b-4b11-909b-3b8226fceb9f	GET	/students	undefined
20230520	20:17:52	8caf218c-3a33-4120-853a-fda4372ea977	GET	/students	undefined
20230520	20:28:00	63a289b8-c7df-4460-9681-2f671f406c6f	GET	/students	undefined
20230520	20:29:41	60a0a3d6-8158-42e3-b9cc-41bf623b53a6	POST	/users	undefined
20230520	20:29:46	069542d7-4f43-453b-99c3-d193f2da4a39	GET	/users	undefined
20230520	20:29:55	56da19f4-c7e0-42b5-bd74-cba2ecb16198	GET	/users	undefined
20230520	20:29:56	dcfb1d75-4734-4b10-84f0-33a1628850dd	GET	/users	undefined
20230520	20:30:02	2a1dd698-afad-449d-9153-850e47de7e21	GET	/users	undefined
20230520	20:30:02	f9633d00-c110-48f7-a28d-1c5954c81094	GET	/users	undefined
20230520	20:30:14	86592501-dc17-413c-9e5a-01b206616a8e	GET	/users	undefined
20230520	20:32:02	d3c422b6-ec91-411a-8b4c-0a9dabcb15ee	GET	/students	undefined
20230520	20:36:05	215f4259-bbc9-4d49-b71c-f82d69e7cdc5	GET	/students	undefined
20230520	20:36:06	5023d7f1-d045-49f6-ba82-1e90194ff1c2	GET	/students	undefined
20230520	20:36:47	4955fcd9-f3b1-4c07-b056-25ec6c949eba	GET	/students	undefined
20230520	20:36:48	6df2c869-1698-4d49-a19d-45fb3a466f6e	GET	/students	undefined
20230520	20:36:50	52be3661-4caf-4faa-bba2-37650f575dea	GET	/students	undefined
20230520	20:37:37	9db282af-4bab-4fe6-9b5b-8139e500e445	GET	/students	undefined
20230520	20:38:11	517ac758-2aeb-4797-83a3-95aa3b26f6cd	GET	/students	undefined
20230520	20:38:12	2eb8b67d-a835-40a4-810a-54fe93700ed5	GET	/students	undefined
20230520	20:38:37	6869d149-0000-4f3c-bb70-597029f0e43b	GET	/students	undefined
20230520	20:39:53	1e7464ab-32d3-475c-964f-df0a45ad94dd	GET	/students	undefined
20230520	20:41:36	f77a7104-9f02-4ff2-83d0-fbeb49dc3fdd	GET	/students	undefined
20230520	20:43:07	4682ddb8-1caa-4acf-938b-d2c125b432ad	GET	/students	undefined
20230520	20:45:27	a32935a4-b35f-4600-9725-6b2694e3fd4a	GET	/students	undefined
20230521	00:15:35	47b31ba8-b919-4cc9-bec1-f7d7bbc14dc4	GET	/students	undefined
20230521	00:29:40	46b0e930-d29a-4ea8-9235-5798f8266e53	GET	/login	undefined
20230521	00:32:40	8067bf8b-8c4b-4c1b-81c0-975a48a63cd5	GET	/users/login	undefined
20230521	00:33:30	a3586fa2-33e1-403f-9154-b5f58ac72210	GET	/users/login	undefined
20230521	00:33:55	dc250286-dcca-4609-a588-0f5ddd2cd5da	GET	/users	undefined
20230521	00:35:16	d9cf25c0-fc8d-48b2-b988-0630d1fd2ffb	GET	/users/login	undefined
20230521	00:35:18	eb8a3dbf-d537-492d-8d9b-09272ba508e3	GET	/users/login	undefined
20230521	00:35:41	41d93d93-e40f-49cb-b310-02daf8834c75	GET	/students	undefined
20230521	00:36:04	70e5b49b-6d91-49a4-a6ec-d05aeba0d1b1	GET	/students/login	undefined
20230521	00:36:29	c1214c98-44b1-4839-8c01-642c7f9e0a40	GET	/students	undefined
20230521	00:39:29	a1a7d6a6-8aae-4112-af79-cfd04e79fa9d	GET	/students	undefined
20230521	00:39:31	6670fcf2-8da3-45c1-9fc9-1b87bd96f1d6	GET	/students	undefined
20230521	00:41:13	92f108c0-8b56-4055-8913-80a2c70f262e	GET	/students	undefined
20230521	00:41:15	cb5710ed-222c-406b-ae29-ce67bc4e36f8	GET	/students	undefined
20230521	00:41:56	78b48281-a8d4-4d47-b842-18b0529f5d70	GET	/students	undefined
20230521	00:47:22	983cbdbb-6506-4e37-b448-46817408feb1	GET	/students	undefined
20230521	01:34:57	99279f24-3439-462d-b8ac-5e51a1d4d33a	GET	/students	undefined
20230521	01:34:58	22af44b2-b4e2-435d-b018-1c61b494ecf7	GET	/students	undefined
20230521	01:35:00	391f6a41-f4b6-47b0-8886-8afb935a4a29	GET	/students	undefined
20230521	01:35:01	b8f50f39-8a73-49e9-9cad-0139dfde73f9	GET	/students	undefined
20230521	01:35:01	0d876b20-531a-4407-8275-a1c1de631173	GET	/students	undefined
20230521	01:35:02	37dee3a9-9e61-430c-b09a-6c7d01722e4a	GET	/students	undefined
20230521	01:36:59	4155af15-045e-4a24-8482-2b9079ec7c67	GET	/students	undefined
20230521	01:38:56	3a87522c-c44d-41d7-8fa1-ae41d31364db	GET	/students	undefined
20230521	01:38:58	3708538f-58c0-4af4-adde-83819d30b2b5	GET	/students	undefined
20230521	02:09:06	416824a6-3e3c-4bb6-a8b4-adb6db3e04d4	GET	/students	undefined
20230521	03:56:52	6693d065-a292-4df8-ac37-60a66259541a	GET	/students	undefined
20230521	03:56:55	ae37835c-e63a-4f05-a180-855c00ae0184	GET	/students	undefined
20230521	03:57:35	dbf69cfc-d6f1-4cf7-a3a6-808b021d7689	GET	/students	undefined
20230521	04:00:54	abf80f90-9233-4c61-9eea-605e018b3e08	GET	/students	undefined
20230521	04:01:15	8ba2fe18-2941-460d-be4e-9f6447b3fd4e	POST	/students	undefined
20230521	04:01:28	12fb1dab-87d1-4fd9-86e1-ea33ab112fd6	PUT	/students	undefined
20230521	04:01:30	9cddca9a-5b31-4a36-8802-0268c56390ca	PUT	/students	undefined
20230521	04:01:38	d8f270ea-4104-42e1-948b-76e2b8adf017	DELETE	/students	undefined
20230521	04:01:46	92815980-5430-4866-8933-12450be59a08	HEAD	/students	undefined
20230521	04:01:56	7f01bc93-0770-4b9f-86bf-847f5c809eae	POST	/students	undefined
20230521	04:03:06	8969f830-0f4e-4549-b931-f9ee738990e2	GET	/students/	undefined
20230521	04:03:58	3b126421-6421-4562-b7ab-592db2dd1f69	POST	/students/	undefined
20230521	04:06:23	db9b0c80-886a-4b92-8dfe-4a81e24ad043	POST	/students/	undefined
20230521	04:06:46	025b8463-5222-43d5-902d-e484e2b2fa64	POST	/students/	undefined
20230521	04:07:09	967fe99c-2bcc-4239-84f7-8e36a0882e01	POST	/students/	undefined
20230521	04:09:05	ea531306-310c-4520-a74f-24a23e129e13	POST	/students/	undefined
20230521	04:11:55	128debf4-8843-4b6f-a4f3-fbf18467451c	POST	/students/	undefined
20230521	04:14:08	bcaf5af4-ded7-48e1-9e57-71710c025557	POST	/students/	undefined
20230521	04:14:53	e8ad3c95-ac26-475d-bed6-c437ba160647	POST	/students/	undefined
20230521	04:25:53	48d7ee2c-26cf-4968-a97c-dc43d93434c8	POST	/students/	undefined
20230521	04:29:29	6f479abb-ec61-495f-83a5-0e32866ad866	POST	/students/	undefined
20230521	04:44:09	a4fde55c-c4c0-4f5c-b519-9d7aa5e63676	GET	/students	undefined
20230521	04:45:35	39c8b487-6c1b-474a-9f38-52af41f760d5	GET	/students	undefined
20230521	04:47:10	909b6435-f019-402e-b147-3c2a7b1ce215	POST	/students	undefined
20230521	04:47:47	06b3e897-7d1a-4e3b-bb75-d860de900f10	GET	/students	undefined
20230521	04:50:13	7d0b39ef-6db9-4718-90bc-ceadca34a334	DELETE	/students	undefined
20230521	04:50:50	e4fe25f3-59f3-432d-b1c0-12a6ad2d1d47	DELETE	/students	undefined
20230521	04:53:52	ad8592a6-6915-40f7-a999-619fd57fbfb2	DELETE	/students	undefined
20230521	04:58:10	0ce2ce19-b2e7-4624-8560-78216a4e3b12	DELETE	/students	undefined
20230521	04:58:22	c522193a-5d1b-4307-a5cd-d0c6a8af0f44	GET	/students	undefined
20230521	05:14:32	21440de1-2e91-4a63-b4a8-170f2feb24f5	PATCH	/students	undefined
20230521	05:14:53	b880c7bc-11a1-444a-ac8f-269be2a7a899	GET	/students	undefined
20230521	05:16:53	92775612-7bee-44e7-ab2d-6ff0de622fa4	PUT	/students	undefined
20230521	05:17:01	3b63fa2b-cd74-4d80-905e-c9bbcbe67c94	GET	/students	undefined
20230521	05:17:29	6b3242b6-2e3f-4e84-a25f-8753c7bed9b1	GET	/students	undefined
20230521	05:17:33	a970d0f0-c5c0-4047-88ec-3036b79f7afb	PUT	/students	undefined
20230521	05:17:40	2b5cb951-069b-4d53-bc70-7453d371de26	GET	/students	undefined
20230521	05:23:34	2fa6807f-4748-4a08-8b53-caf029f0197a	PUT	/students	undefined
20230521	05:23:41	3e95fe05-5ee0-4cd0-8e57-e8a0f434874e	GET	/students	undefined
20230521	05:25:28	5a48eb90-f60e-4dd0-96dd-8fbbe23a5783	GET	/students	undefined
20230521	05:25:40	a2558916-584e-44ee-a493-a70063e77fed	PUT	/students	undefined
20230521	05:30:50	c0d57fd3-1dbc-441b-801a-68ad32ed7c56	PUT	/students	undefined
20230521	05:31:02	3bd5950a-6888-4b1c-bff7-89f07d01a075	GET	/students	undefined
20230521	05:32:23	57e55d95-9fde-49bb-8595-d9e8faff7d68	PUT	/students	undefined
20230521	05:32:30	20d54532-38d6-45d1-81f0-349c89c73bb4	PUT	/students	undefined
20230521	05:32:35	b8203d4b-2963-4db4-8816-ffefe0cd675d	GET	/students	undefined
20230521	05:33:50	5baab527-95c7-4d0b-9bfd-d67db8f6d898	GET	/students	undefined
20230521	05:33:53	812e6006-47c1-417f-80ef-5e0fb5c3845d	GET	/students	undefined
20230521	05:33:54	f3fe34ad-19c3-44d0-b392-12e607f978e9	GET	/students	undefined
20230521	05:39:37	c8c09889-8119-400d-84c1-57da0237d5fa	GET	/students	undefined
20230521	05:39:45	2db3877a-d1a4-4907-a288-0270194087ab	PUT	/students	undefined
20230521	05:39:56	8ebac605-311d-4a76-bd69-527f95f35d85	GET	/students	undefined
20230521	05:44:21	79751fda-90b5-4ee1-a634-edc135f0d7be	GET	//users	undefined
20230521	05:45:42	8f81bbee-0d73-4fd4-9b46-222b7ac4f88b	POST	//users	undefined
20230521	05:46:12	848a45ad-e770-4299-b179-7b6ffc9f0c8e	POST	//users	undefined
20230521	05:46:16	d06450b7-9f28-4a98-a422-44ac0c7b56d7	POST	//users	undefined
